<?xml version="1.0" encoding="UTF-8"?>
<testng-results skipped="0" failed="1" total="1" passed="0">
  <reporter-output>
    <line>
      <![CDATA[Clicking on add Employee link]]>
    </line>
    <line>
      <![CDATA[Entering the first name]]>
    </line>
    <line>
      <![CDATA[Entering the user name]]>
    </line>
    <line>
      <![CDATA[Entering the email]]>
    </line>
    <line>
      <![CDATA[Selecting gender]]>
    </line>
    <line>
      <![CDATA[Entering Department name]]>
    </line>
    <line>
      <![CDATA[Entering the position name]]>
    </line>
  </reporter-output>
  <suite name="Default suite" duration-ms="39820" started-at="2014-02-26T11:06:58Z" finished-at="2014-02-26T11:07:38Z">
    <groups>
    </groups>
    <test name="Default test" duration-ms="39820" started-at="2014-02-26T11:06:58Z" finished-at="2014-02-26T11:07:38Z">
      <class name="com.hrm.base.AddEmp">
        <test-method status="PASS" signature="initialize()[pri:0, instance:com.hrm.base.AddEmp@419431dc]" name="initialize" is-config="true" duration-ms="72600" started-at="2014-02-26T16:35:46Z" finished-at="2014-02-26T16:36:58Z">
          <reporter-output>
          </reporter-output>
        </test-method> <!-- initialize -->
        <test-method status="FAIL" signature="addEmployee()[pri:0, instance:com.hrm.base.AddEmp@419431dc]" name="addEmployee" duration-ms="39565" started-at="2014-02-26T16:36:59Z" finished-at="2014-02-26T16:37:38Z">
          <exception class="java.lang.AssertionError">
            <message>
              <![CDATA[expected [true] but found [false]]]>
            </message>
            <full-stacktrace>
              <![CDATA[java.lang.AssertionError: expected [true] but found [false]
	at org.testng.Assert.fail(Assert.java:94)
	at org.testng.Assert.failNotEquals(Assert.java:494)
	at org.testng.Assert.assertTrue(Assert.java:42)
	at org.testng.Assert.assertTrue(Assert.java:52)
	at com.hrm.base.AddEmp.addEmployee(AddEmp.java:66)
	at sun.reflect.NativeMethodAccessorImpl.invoke0(Native Method)
	at sun.reflect.NativeMethodAccessorImpl.invoke(Unknown Source)
	at sun.reflect.DelegatingMethodAccessorImpl.invoke(Unknown Source)
	at java.lang.reflect.Method.invoke(Unknown Source)
	at org.testng.internal.MethodInvocationHelper.invokeMethod(MethodInvocationHelper.java:84)
	at org.testng.internal.Invoker.invokeMethod(Invoker.java:714)
	at org.testng.internal.Invoker.invokeTestMethod(Invoker.java:901)
	at org.testng.internal.Invoker.invokeTestMethods(Invoker.java:1231)
	at org.testng.internal.TestMethodWorker.invokeTestMethods(TestMethodWorker.java:127)
	at org.testng.internal.TestMethodWorker.run(TestMethodWorker.java:111)
	at org.testng.TestRunner.privateRun(TestRunner.java:767)
	at org.testng.TestRunner.run(TestRunner.java:617)
	at org.testng.SuiteRunner.runTest(SuiteRunner.java:334)
	at org.testng.SuiteRunner.runSequentially(SuiteRunner.java:329)
	at org.testng.SuiteRunner.privateRun(SuiteRunner.java:291)
	at org.testng.SuiteRunner.run(SuiteRunner.java:240)
	at org.testng.SuiteRunnerWorker.runSuite(SuiteRunnerWorker.java:52)
	at org.testng.SuiteRunnerWorker.run(SuiteRunnerWorker.java:86)
	at org.testng.TestNG.runSuitesSequentially(TestNG.java:1224)
	at org.testng.TestNG.runSuitesLocally(TestNG.java:1149)
	at org.testng.TestNG.run(TestNG.java:1057)
	at org.testng.remote.RemoteTestNG.run(RemoteTestNG.java:111)
	at org.testng.remote.RemoteTestNG.initAndRun(RemoteTestNG.java:204)
	at org.testng.remote.RemoteTestNG.main(RemoteTestNG.java:175)
]]>
            </full-stacktrace>
          </exception> <!-- java.lang.AssertionError -->
          <reporter-output>
            <line>
              <![CDATA[Clicking on add Employee link]]>
            </line>
            <line>
              <![CDATA[Entering the first name]]>
            </line>
            <line>
              <![CDATA[Entering the user name]]>
            </line>
            <line>
              <![CDATA[Entering the email]]>
            </line>
            <line>
              <![CDATA[Selecting gender]]>
            </line>
            <line>
              <![CDATA[Entering Department name]]>
            </line>
            <line>
              <![CDATA[Entering the position name]]>
            </line>
          </reporter-output>
        </test-method> <!-- addEmployee -->
        <test-method status="PASS" signature="closeBrowser()[pri:0, instance:com.hrm.base.AddEmp@419431dc]" name="closeBrowser" is-config="true" duration-ms="40" started-at="2014-02-26T16:37:40Z" finished-at="2014-02-26T16:37:40Z">
          <reporter-output>
          </reporter-output>
        </test-method> <!-- closeBrowser -->
      </class> <!-- com.hrm.base.AddEmp -->
    </test> <!-- Default test -->
  </suite> <!-- Default suite -->
</testng-results>
